-------------------------------------------------------------------------------
Test set: TestSuite
-------------------------------------------------------------------------------
Tests run: 3, Failures: 3, Errors: 0, Skipped: 0, Time elapsed: 31.20 s <<< FAILURE! -- in TestSuite
cucumberOptions.TestNGRunner.runScenario["Verify place order functionality", "Topdeal functionality"](1) -- Time elapsed: 9.623 s <<< FAILURE!
java.lang.Error: 
Unresolved compilation problem: 
	The method selectByVizasibleText(String) is undefined for the type Select

	at pageObjects.TopdealPage.Selectcountry(TopdealPage.java:82)
	at stepDefinitions.TopdealSteps.the_user_select_india_from_choose_country_drop_down(TopdealSteps.java:52)
	at ✽.the user Select India from choose country drop down(file:///C:/Users/91888/eclipse-workspace/SeleniumCucumberPractice/src/test/java/features/Topdeal.feature:18)

cucumberOptions.TestNGRunner.runScenario["Verify place order errormsg", "Topdeal functionality"](2) -- Time elapsed: 6.929 s <<< FAILURE!
java.lang.Error: 
Unresolved compilation problem: 
	The method selectByVizasibleText(String) is undefined for the type Select

	at pageObjects.TopdealPage.Selectcountry(TopdealPage.java:82)
	at stepDefinitions.TopdealSteps.the_user_select_india_from_choose_country_drop_down(TopdealSteps.java:52)
	at ✽.the user Select India from choose country drop down(file:///C:/Users/91888/eclipse-workspace/SeleniumCucumberPractice/src/test/java/features/Topdeal.feature:36)

cucumberOptions.TestNGRunner.runScenario["Check Cart", "Search functionality"](3) -- Time elapsed: 12.52 s <<< FAILURE!
org.openqa.selenium.NoSuchWindowException: 
no such window: target window already closed
from unknown error: web view not found
  (Session info: chrome=123.0.6312.60)
Build info: version: '4.18.1', revision: 'b1d3319b48'
System info: os.name: 'Windows 10', os.arch: 'amd64', os.version: '10.0', java.version: '21.0.2'
Driver info: org.openqa.selenium.chrome.ChromeDriver
Command: [24509da498310f9621874a75fdd840e9, maximizeCurrentWindow {}]
Capabilities {acceptInsecureCerts: false, browserName: chrome, browserVersion: 123.0.6312.60, chrome: {chromedriverVersion: 122.0.6261.111 (9d4c1072da6..., userDataDir: C:\Users\91888\AppData\Loca...}, fedcm:accounts: true, goog:chromeOptions: {debuggerAddress: localhost:52799}, networkConnectionEnabled: false, pageLoadStrategy: normal, platformName: windows, proxy: Proxy(), se:cdp: ws://localhost:52799/devtoo..., se:cdpVersion: 123.0.6312.60, setWindowRect: true, strictFileInteractability: false, timeouts: {implicit: 0, pageLoad: 300000, script: 30000}, unhandledPromptBehavior: dismiss and notify, webauthn:extension:credBlob: true, webauthn:extension:largeBlob: true, webauthn:extension:minPinLength: true, webauthn:extension:prf: true, webauthn:virtualAuthenticators: true}
Session ID: 24509da498310f9621874a75fdd840e9
	at java.base/jdk.internal.reflect.DirectConstructorHandleAccessor.newInstance(DirectConstructorHandleAccessor.java:62)
	at java.base/java.lang.reflect.Constructor.newInstanceWithCaller(Constructor.java:502)
	at java.base/java.lang.reflect.Constructor.newInstance(Constructor.java:486)
	at org.openqa.selenium.remote.ErrorCodec.decode(ErrorCodec.java:167)
	at org.openqa.selenium.remote.codec.w3c.W3CHttpResponseCodec.decode(W3CHttpResponseCodec.java:138)
	at org.openqa.selenium.remote.codec.w3c.W3CHttpResponseCodec.decode(W3CHttpResponseCodec.java:50)
	at org.openqa.selenium.remote.HttpCommandExecutor.execute(HttpCommandExecutor.java:190)
	at org.openqa.selenium.remote.service.DriverCommandExecutor.invokeExecute(DriverCommandExecutor.java:216)
	at org.openqa.selenium.remote.service.DriverCommandExecutor.execute(DriverCommandExecutor.java:174)
	at org.openqa.selenium.remote.RemoteWebDriver.execute(RemoteWebDriver.java:519)
	at org.openqa.selenium.remote.RemoteWebDriver.execute(RemoteWebDriver.java:592)
	at org.openqa.selenium.remote.RemoteWebDriver.execute(RemoteWebDriver.java:596)
	at org.openqa.selenium.remote.RemoteWebDriver$RemoteWebDriverOptions$RemoteWindow.maximize(RemoteWebDriver.java:1035)
	at utils.GenericUtils.MaximizeWindow(GenericUtils.java:34)
	at stepDefinitions.searchSteps.user_is_on_greencart_landing_page(searchSteps.java:31)
	at ✽.user is on greencart landing page(file:///C:/Users/91888/eclipse-workspace/SeleniumCucumberPractice/src/test/java/features/search.feature:15)

